[ERROR]2021/02/08 17:57:43 Cannot listen to port 50000. listen tcp: address 50000: missing port in address
[ERROR]2021/02/08 17:58:51 Cannot listen to port 50000. listen tcp: address 50000: missing port in address
[ERROR]2021/02/08 23:02:13 Test ERROR
[ERROR]2021/02/08 23:04:03 Test ERROR
[ERROR]2021/02/08 23:06:07 Test ERROR
[ERROR]2021/02/08 23:06:16 Test ERROR
[ERROR]2021/02/08 23:08:51 Error Test
[ERROR]2021/02/08 23:08:51 Test ERROR Error Test
[INFO]2021/02/08 23:08:51 Test ERROR
[DEBUG]2021/02/08 23:08:51 Test ERROR
[ERROR]2021/02/08 23:09:25 Error Test
[ERROR]2021/02/08 23:09:25 Test ERROR Error Test
[INFO]2021/02/08 23:09:25 Test ERROR
[DEBUG]2021/02/08 23:09:25 Test ERROR
[INFO]2021/02/08 23:11:12 Test ERROR
[DEBUG]2021/02/08 23:11:12 Test ERROR
[ERROR]2021/02/08 23:11:12 Error Test
[ERROR]2021/02/08 23:11:12 Test ERROR Error Test
[INFO]2021/02/08 23:13:23 Info Test
[ERROR]2021/02/08 23:13:23 Info Test Info Test
[DEBUG]2021/02/08 23:13:23 Debug Test
[ERROR]2021/02/08 23:13:23 Debug Test Debug Test
[ERROR]2021/02/08 23:13:23 Error Test
[ERROR]2021/02/08 23:13:23 Error Test Error Test
[INFO]2021/02/08 23:13:26 Info Test
[ERROR]2021/02/08 23:13:26 Info Test Info Test
[DEBUG]2021/02/08 23:13:26 Debug Test
[ERROR]2021/02/08 23:13:26 Debug Test Debug Test
[ERROR]2021/02/08 23:13:26 Error Test
[ERROR]2021/02/08 23:13:26 Error Test Error Test
[ERROR]2021/02/15 17:56:58 Cannot PutItem operation error DynamoDB: PutItem, https response error StatusCode: 400, RequestID: f070432a-ae0f-4956-8dfa-c7b2ea783e28, api error ValidationException: One of the required keys was not given a value
[ERROR]2021/02/15 17:57:51 Cannot PutItem operation error DynamoDB: PutItem, https response error StatusCode: 400, RequestID: b9ec9d51-a76a-4021-bba3-95539fa0d5d1, api error ValidationException: One of the required keys was not given a value
[ERROR]2021/02/15 18:07:28 Cannot PutItem operation error DynamoDB: PutItem, https response error StatusCode: 400, RequestID: df69ec5a-c022-4113-9cf0-56ca02627cf0, api error ValidationException: One of the required keys was not given a value
